{"C:\\Capgemini\\Projects\\Client-Assessment\\tv-show-application\\src\\App.vue": {"path":"C:\\Capgemini\\Projects\\Client-Assessment\\tv-show-application\\src\\App.vue","statementMap":{"0":{"start":{"line":10,"column":0},"end":{"line":10,"column":null}},"1":{"start":{"line":11,"column":0},"end":{"line":11,"column":null}}},"fnMap":{},"branchMap":{},"s":{"0":1,"1":1},"f":{},"b":{}}
,"C:\\Capgemini\\Projects\\Client-Assessment\\tv-show-application\\src\\components\\allShows.component.vue": {"path":"C:\\Capgemini\\Projects\\Client-Assessment\\tv-show-application\\src\\components\\allShows.component.vue","statementMap":{"0":{"start":{"line":134,"column":0},"end":{"line":134,"column":null}},"1":{"start":{"line":139,"column":0},"end":{"line":139,"column":null}},"2":{"start":{"line":150,"column":0},"end":{"line":150,"column":null}},"3":{"start":{"line":151,"column":0},"end":{"line":151,"column":null}},"4":{"start":{"line":152,"column":0},"end":{"line":157,"column":null}},"5":{"start":{"line":153,"column":0},"end":{"line":153,"column":null}},"6":{"start":{"line":155,"column":0},"end":{"line":155,"column":null}},"7":{"start":{"line":156,"column":0},"end":{"line":156,"column":null}},"8":{"start":{"line":158,"column":0},"end":{"line":158,"column":null}}},"fnMap":{"0":{"name":"(anonymous_1)","decl":{"start":{"line":138,"column":0},"end":{"line":138,"column":null}},"loc":{"start":{"line":138,"column":0},"end":{"line":144,"column":null}}},"1":{"name":"(anonymous_2)","decl":{"start":{"line":149,"column":0},"end":{"line":149,"column":null}},"loc":{"start":{"line":149,"column":0},"end":{"line":159,"column":null}}}},"branchMap":{},"s":{"0":5,"1":3,"2":1,"3":1,"4":1,"5":1,"6":1,"7":1,"8":0},"f":{"0":3,"1":1},"b":{}}
,"C:\\Capgemini\\Projects\\Client-Assessment\\tv-show-application\\src\\components\\header.component.vue": {"path":"C:\\Capgemini\\Projects\\Client-Assessment\\tv-show-application\\src\\components\\header.component.vue","statementMap":{"0":{"start":{"line":33,"column":0},"end":{"line":33,"column":null}},"1":{"start":{"line":37,"column":0},"end":{"line":37,"column":null}},"2":{"start":{"line":46,"column":0},"end":{"line":46,"column":null}},"3":{"start":{"line":47,"column":0},"end":{"line":47,"column":null}},"4":{"start":{"line":53,"column":0},"end":{"line":55,"column":null}},"5":{"start":{"line":54,"column":0},"end":{"line":54,"column":null}}},"fnMap":{"0":{"name":"(anonymous_1)","decl":{"start":{"line":36,"column":0},"end":{"line":36,"column":null}},"loc":{"start":{"line":36,"column":0},"end":{"line":40,"column":null}}},"1":{"name":"(anonymous_2)","decl":{"start":{"line":45,"column":0},"end":{"line":45,"column":null}},"loc":{"start":{"line":45,"column":0},"end":{"line":48,"column":null}}},"2":{"name":"(anonymous_3)","decl":{"start":{"line":52,"column":0},"end":{"line":52,"column":null}},"loc":{"start":{"line":52,"column":0},"end":{"line":56,"column":null}}}},"branchMap":{"0":{"loc":{"start":{"line":53,"column":0},"end":{"line":55,"column":null}},"type":"if","locations":[{"start":{"line":53,"column":0},"end":{"line":55,"column":null}},{"start":{"line":53,"column":0},"end":{"line":55,"column":null}}]}},"s":{"0":2,"1":4,"2":0,"3":0,"4":0,"5":0},"f":{"0":4,"1":0,"2":0},"b":{"0":[0,0]}}
,"C:\\Capgemini\\Projects\\Client-Assessment\\tv-show-application\\src\\router\\index.js": {"path":"C:\\Capgemini\\Projects\\Client-Assessment\\tv-show-application\\src\\router\\index.js","statementMap":{"0":{"start":{"line":7,"column":0},"end":{"line":7,"column":19}},"1":{"start":{"line":9,"column":15},"end":{"line":30,"column":1}},"2":{"start":{"line":31,"column":15},"end":{"line":35,"column":2}}},"fnMap":{},"branchMap":{},"s":{"0":3,"1":3,"2":3},"f":{},"b":{},"_coverageSchema":"43e27e138ebf9cfc5966b082cf9a028302ed4184","hash":"186d7a6aeede7fadab13835d382993d08c7bfe42"}
,"C:\\Capgemini\\Projects\\Client-Assessment\\tv-show-application\\src\\service\\service.js": {"path":"C:\\Capgemini\\Projects\\Client-Assessment\\tv-show-application\\src\\service\\service.js","statementMap":{"0":{"start":{"line":5,"column":2},"end":{"line":5,"column":32}},"1":{"start":{"line":10,"column":2},"end":{"line":10,"column":57}},"2":{"start":{"line":15,"column":2},"end":{"line":15,"column":42}},"3":{"start":{"line":20,"column":2},"end":{"line":20,"column":47}}},"fnMap":{"0":{"name":"getAllShowsService","decl":{"start":{"line":4,"column":9},"end":{"line":4,"column":27}},"loc":{"start":{"line":4,"column":30},"end":{"line":6,"column":1}},"line":4},"1":{"name":"getSearchedShowService","decl":{"start":{"line":9,"column":9},"end":{"line":9,"column":31}},"loc":{"start":{"line":9,"column":46},"end":{"line":11,"column":1}},"line":9},"2":{"name":"getShowDetailsbyIdService","decl":{"start":{"line":14,"column":9},"end":{"line":14,"column":34}},"loc":{"start":{"line":14,"column":43},"end":{"line":16,"column":1}},"line":14},"3":{"name":"getShowCastDetailsService","decl":{"start":{"line":19,"column":9},"end":{"line":19,"column":34}},"loc":{"start":{"line":19,"column":43},"end":{"line":21,"column":1}},"line":19}},"branchMap":{},"s":{"0":1,"1":1,"2":1,"3":0},"f":{"0":1,"1":1,"2":1,"3":0},"b":{},"_coverageSchema":"43e27e138ebf9cfc5966b082cf9a028302ed4184","hash":"ef85ace45b75ba912cb429b4931296871884925e"}
,"C:\\Capgemini\\Projects\\Client-Assessment\\tv-show-application\\src\\store\\actions.js": {"path":"C:\\Capgemini\\Projects\\Client-Assessment\\tv-show-application\\src\\store\\actions.js","statementMap":{"0":{"start":{"line":11,"column":4},"end":{"line":17,"column":5}},"1":{"start":{"line":12,"column":23},"end":{"line":12,"column":49}},"2":{"start":{"line":13,"column":6},"end":{"line":13,"column":51}},"3":{"start":{"line":14,"column":6},"end":{"line":14,"column":53}},"4":{"start":{"line":16,"column":6},"end":{"line":16,"column":26}},"5":{"start":{"line":21,"column":4},"end":{"line":26,"column":5}},"6":{"start":{"line":22,"column":23},"end":{"line":22,"column":65}},"7":{"start":{"line":23,"column":6},"end":{"line":23,"column":59}},"8":{"start":{"line":25,"column":6},"end":{"line":25,"column":26}},"9":{"start":{"line":30,"column":4},"end":{"line":36,"column":5}},"10":{"start":{"line":31,"column":23},"end":{"line":31,"column":62}},"11":{"start":{"line":32,"column":6},"end":{"line":32,"column":33}},"12":{"start":{"line":33,"column":6},"end":{"line":33,"column":56}},"13":{"start":{"line":35,"column":6},"end":{"line":35,"column":26}},"14":{"start":{"line":41,"column":4},"end":{"line":47,"column":5}},"15":{"start":{"line":42,"column":23},"end":{"line":42,"column":62}},"16":{"start":{"line":43,"column":6},"end":{"line":43,"column":41}},"17":{"start":{"line":44,"column":6},"end":{"line":44,"column":56}},"18":{"start":{"line":46,"column":6},"end":{"line":46,"column":26}}},"fnMap":{"0":{"name":"(anonymous_0)","decl":{"start":{"line":10,"column":2},"end":{"line":10,"column":3}},"loc":{"start":{"line":10,"column":29},"end":{"line":18,"column":3}},"line":10},"1":{"name":"(anonymous_1)","decl":{"start":{"line":20,"column":2},"end":{"line":20,"column":3}},"loc":{"start":{"line":20,"column":48},"end":{"line":27,"column":3}},"line":20},"2":{"name":"(anonymous_2)","decl":{"start":{"line":29,"column":2},"end":{"line":29,"column":3}},"loc":{"start":{"line":29,"column":44},"end":{"line":37,"column":3}},"line":29},"3":{"name":"(anonymous_3)","decl":{"start":{"line":40,"column":2},"end":{"line":40,"column":3}},"loc":{"start":{"line":40,"column":40},"end":{"line":48,"column":3}},"line":40}},"branchMap":{},"s":{"0":1,"1":1,"2":1,"3":1,"4":0,"5":1,"6":1,"7":1,"8":0,"9":1,"10":1,"11":1,"12":1,"13":0,"14":0,"15":0,"16":0,"17":0,"18":0},"f":{"0":1,"1":1,"2":1,"3":0},"b":{},"_coverageSchema":"43e27e138ebf9cfc5966b082cf9a028302ed4184","hash":"08a3a408db20a899c81a55b06c9430cde4f5b405"}
,"C:\\Capgemini\\Projects\\Client-Assessment\\tv-show-application\\src\\store\\getters.js": {"path":"C:\\Capgemini\\Projects\\Client-Assessment\\tv-show-application\\src\\store\\getters.js","statementMap":{"0":{"start":{"line":4,"column":4},"end":{"line":4,"column":38}},"1":{"start":{"line":9,"column":4},"end":{"line":11,"column":20}},"2":{"start":{"line":10,"column":27},"end":{"line":10,"column":60}},"3":{"start":{"line":12,"column":4},"end":{"line":12,"column":45}},"4":{"start":{"line":13,"column":4},"end":{"line":13,"column":28}},"5":{"start":{"line":18,"column":4},"end":{"line":20,"column":20}},"6":{"start":{"line":19,"column":27},"end":{"line":19,"column":69}},"7":{"start":{"line":21,"column":4},"end":{"line":21,"column":29}},"8":{"start":{"line":25,"column":4},"end":{"line":25,"column":29}}},"fnMap":{"0":{"name":"(anonymous_0)","decl":{"start":{"line":3,"column":2},"end":{"line":3,"column":3}},"loc":{"start":{"line":3,"column":21},"end":{"line":5,"column":3}},"line":3},"1":{"name":"(anonymous_1)","decl":{"start":{"line":7,"column":2},"end":{"line":7,"column":3}},"loc":{"start":{"line":7,"column":24},"end":{"line":14,"column":3}},"line":7},"2":{"name":"(anonymous_2)","decl":{"start":{"line":10,"column":14},"end":{"line":10,"column":15}},"loc":{"start":{"line":10,"column":27},"end":{"line":10,"column":60}},"line":10},"3":{"name":"(anonymous_3)","decl":{"start":{"line":16,"column":2},"end":{"line":16,"column":3}},"loc":{"start":{"line":16,"column":32},"end":{"line":22,"column":3}},"line":16},"4":{"name":"(anonymous_4)","decl":{"start":{"line":19,"column":14},"end":{"line":19,"column":15}},"loc":{"start":{"line":19,"column":27},"end":{"line":19,"column":69}},"line":19},"5":{"name":"(anonymous_5)","decl":{"start":{"line":24,"column":2},"end":{"line":24,"column":3}},"loc":{"start":{"line":24,"column":25},"end":{"line":26,"column":3}},"line":24}},"branchMap":{},"s":{"0":1,"1":0,"2":0,"3":0,"4":0,"5":0,"6":0,"7":0,"8":1},"f":{"0":1,"1":0,"2":0,"3":0,"4":0,"5":1},"b":{},"_coverageSchema":"43e27e138ebf9cfc5966b082cf9a028302ed4184","hash":"f4e800084f693ddae6a288a88babaa83c19885aa"}
,"C:\\Capgemini\\Projects\\Client-Assessment\\tv-show-application\\src\\views\\dashboard.component.vue": {"path":"C:\\Capgemini\\Projects\\Client-Assessment\\tv-show-application\\src\\views\\dashboard.component.vue","statementMap":{"0":{"start":{"line":8,"column":0},"end":{"line":8,"column":null}},"1":{"start":{"line":9,"column":0},"end":{"line":9,"column":null}},"2":{"start":{"line":19,"column":0},"end":{"line":19,"column":null}},"3":{"start":{"line":23,"column":0},"end":{"line":27,"column":null}},"4":{"start":{"line":24,"column":0},"end":{"line":24,"column":null}},"5":{"start":{"line":26,"column":0},"end":{"line":26,"column":null}}},"fnMap":{"0":{"name":"(anonymous_1)","decl":{"start":{"line":18,"column":0},"end":{"line":18,"column":null}},"loc":{"start":{"line":18,"column":0},"end":{"line":20,"column":null}}},"1":{"name":"(anonymous_2)","decl":{"start":{"line":22,"column":0},"end":{"line":22,"column":null}},"loc":{"start":{"line":22,"column":0},"end":{"line":28,"column":null}}}},"branchMap":{},"s":{"0":4,"1":4,"2":2,"3":2,"4":2,"5":0},"f":{"0":2,"1":2},"b":{}}
,"C:\\Capgemini\\Projects\\Client-Assessment\\tv-show-application\\src\\views\\searchedShow.component.vue": {"path":"C:\\Capgemini\\Projects\\Client-Assessment\\tv-show-application\\src\\views\\searchedShow.component.vue","statementMap":{"0":{"start":{"line":62,"column":0},"end":{"line":62,"column":null}},"1":{"start":{"line":66,"column":0},"end":{"line":66,"column":null}},"2":{"start":{"line":77,"column":0},"end":{"line":81,"column":null}},"3":{"start":{"line":77,"column":0},"end":{"line":77,"column":null}},"4":{"start":{"line":80,"column":0},"end":{"line":80,"column":null}},"5":{"start":{"line":83,"column":0},"end":{"line":83,"column":null}},"6":{"start":{"line":94,"column":0},"end":{"line":94,"column":null}},"7":{"start":{"line":97,"column":0},"end":{"line":97,"column":null}},"8":{"start":{"line":98,"column":0},"end":{"line":98,"column":null}},"9":{"start":{"line":99,"column":0},"end":{"line":99,"column":null}},"10":{"start":{"line":100,"column":0},"end":{"line":107,"column":null}},"11":{"start":{"line":101,"column":0},"end":{"line":103,"column":null}},"12":{"start":{"line":102,"column":0},"end":{"line":102,"column":null}},"13":{"start":{"line":105,"column":0},"end":{"line":105,"column":null}},"14":{"start":{"line":106,"column":0},"end":{"line":106,"column":null}},"15":{"start":{"line":108,"column":0},"end":{"line":108,"column":null}},"16":{"start":{"line":109,"column":0},"end":{"line":109,"column":null}}},"fnMap":{"0":{"name":"(anonymous_1)","decl":{"start":{"line":65,"column":0},"end":{"line":65,"column":null}},"loc":{"start":{"line":65,"column":0},"end":{"line":71,"column":null}}},"1":{"name":"(anonymous_2)","decl":{"start":{"line":76,"column":0},"end":{"line":76,"column":null}},"loc":{"start":{"line":76,"column":0},"end":{"line":84,"column":null}}},"2":{"name":"(anonymous_3)","decl":{"start":{"line":77,"column":0},"end":{"line":77,"column":null}},"loc":{"start":{"line":77,"column":0},"end":{"line":77,"column":null}}},"3":{"name":"(anonymous_5)","decl":{"start":{"line":93,"column":0},"end":{"line":93,"column":null}},"loc":{"start":{"line":93,"column":0},"end":{"line":95,"column":null}}},"4":{"name":"(anonymous_6)","decl":{"start":{"line":96,"column":0},"end":{"line":96,"column":null}},"loc":{"start":{"line":96,"column":0},"end":{"line":110,"column":null}}}},"branchMap":{"0":{"loc":{"start":{"line":101,"column":0},"end":{"line":103,"column":null}},"type":"if","locations":[{"start":{"line":101,"column":0},"end":{"line":103,"column":null}},{"start":{"line":101,"column":0},"end":{"line":103,"column":null}}]}},"s":{"0":3,"1":1,"2":1,"3":1,"4":0,"5":1,"6":0,"7":1,"8":1,"9":1,"10":1,"11":1,"12":0,"13":1,"14":1,"15":0,"16":0},"f":{"0":1,"1":1,"2":1,"3":0,"4":1},"b":{"0":[0,0]}}
,"C:\\Capgemini\\Projects\\Client-Assessment\\tv-show-application\\src\\views\\showsDetails.component.vue": {"path":"C:\\Capgemini\\Projects\\Client-Assessment\\tv-show-application\\src\\views\\showsDetails.component.vue","statementMap":{"0":{"start":{"line":96,"column":0},"end":{"line":96,"column":null}},"1":{"start":{"line":101,"column":0},"end":{"line":101,"column":null}},"2":{"start":{"line":115,"column":0},"end":{"line":118,"column":null}},"3":{"start":{"line":116,"column":0},"end":{"line":116,"column":null}},"4":{"start":{"line":117,"column":0},"end":{"line":117,"column":null}},"5":{"start":{"line":122,"column":0},"end":{"line":122,"column":null}},"6":{"start":{"line":123,"column":0},"end":{"line":123,"column":null}},"7":{"start":{"line":124,"column":0},"end":{"line":130,"column":null}},"8":{"start":{"line":125,"column":0},"end":{"line":125,"column":null}},"9":{"start":{"line":127,"column":0},"end":{"line":127,"column":null}},"10":{"start":{"line":128,"column":0},"end":{"line":128,"column":null}},"11":{"start":{"line":129,"column":0},"end":{"line":129,"column":null}},"12":{"start":{"line":131,"column":0},"end":{"line":131,"column":null}},"13":{"start":{"line":134,"column":0},"end":{"line":134,"column":null}},"14":{"start":{"line":135,"column":0},"end":{"line":135,"column":null}},"15":{"start":{"line":136,"column":0},"end":{"line":142,"column":null}},"16":{"start":{"line":137,"column":0},"end":{"line":137,"column":null}},"17":{"start":{"line":139,"column":0},"end":{"line":139,"column":null}},"18":{"start":{"line":140,"column":0},"end":{"line":140,"column":null}},"19":{"start":{"line":141,"column":0},"end":{"line":141,"column":null}},"20":{"start":{"line":143,"column":0},"end":{"line":143,"column":null}}},"fnMap":{"0":{"name":"(anonymous_1)","decl":{"start":{"line":100,"column":0},"end":{"line":100,"column":null}},"loc":{"start":{"line":100,"column":0},"end":{"line":106,"column":null}}},"1":{"name":"(anonymous_2)","decl":{"start":{"line":114,"column":0},"end":{"line":114,"column":null}},"loc":{"start":{"line":114,"column":0},"end":{"line":119,"column":null}}},"2":{"name":"(anonymous_3)","decl":{"start":{"line":121,"column":0},"end":{"line":121,"column":null}},"loc":{"start":{"line":121,"column":0},"end":{"line":132,"column":null}}},"3":{"name":"(anonymous_4)","decl":{"start":{"line":133,"column":0},"end":{"line":133,"column":null}},"loc":{"start":{"line":133,"column":0},"end":{"line":144,"column":null}}}},"branchMap":{"0":{"loc":{"start":{"line":115,"column":0},"end":{"line":118,"column":null}},"type":"if","locations":[{"start":{"line":115,"column":0},"end":{"line":118,"column":null}},{"start":{"line":115,"column":0},"end":{"line":118,"column":null}}]}},"s":{"0":3,"1":1,"2":1,"3":1,"4":1,"5":1,"6":1,"7":1,"8":1,"9":0,"10":0,"11":0,"12":1,"13":1,"14":1,"15":1,"16":1,"17":0,"18":0,"19":0,"20":1},"f":{"0":1,"1":1,"2":1,"3":1},"b":{"0":[1,0]}}
}
