{"C:\\Capgemini\\Projects\\Client-Assessment\\tv-show-application\\src\\components\\allShows.component.vue": {"path":"C:\\Capgemini\\Projects\\Client-Assessment\\tv-show-application\\src\\components\\allShows.component.vue","statementMap":{"0":{"start":{"line":1,"column":1},"end":{"line":204,"column":4}},"1":{"start":{"line":4,"column":0},"end":{"line":6,"column":3}},"2":{"start":{"line":7,"column":0},"end":{"line":7,"column":25}},"3":{"start":{"line":9,"column":12},"end":{"line":9,"column":27}},"4":{"start":{"line":167,"column":15},"end":{"line":202,"column":1}},"5":{"start":{"line":172,"column":4},"end":{"line":176,"column":6}},"6":{"start":{"line":183,"column":6},"end":{"line":183,"column":33}},"7":{"start":{"line":184,"column":6},"end":{"line":184,"column":32}},"8":{"start":{"line":186,"column":6},"end":{"line":196,"column":7}},"9":{"start":{"line":187,"column":8},"end":{"line":192,"column":11}},"10":{"start":{"line":194,"column":8},"end":{"line":194,"column":33}},"11":{"start":{"line":195,"column":8},"end":{"line":195,"column":20}},"12":{"start":{"line":198,"column":6},"end":{"line":198,"column":34}},"13":{"start":{"line":203,"column":0},"end":{"line":203,"column":27}},"14":{"start":{"line":205,"column":20},"end":{"line":205,"column":89}},"15":{"start":{"line":205,"column":114},"end":{"line":205,"column":187}},"16":{"start":{"line":206,"column":0},"end":{"line":206,"column":4063}},"17":{"start":{"line":206,"column":54},"end":{"line":206,"column":58}},"18":{"start":{"line":206,"column":66},"end":{"line":206,"column":84}},"19":{"start":{"line":206,"column":92},"end":{"line":206,"column":108}},"20":{"start":{"line":206,"column":109},"end":{"line":206,"column":4062}},"21":{"start":{"line":206,"column":697},"end":{"line":206,"column":1524}},"22":{"start":{"line":206,"column":1093},"end":{"line":206,"column":1127}},"23":{"start":{"line":206,"column":1357},"end":{"line":206,"column":1394}},"24":{"start":{"line":206,"column":1975},"end":{"line":206,"column":2772}},"25":{"start":{"line":206,"column":2163},"end":{"line":206,"column":2197}},"26":{"start":{"line":206,"column":2605},"end":{"line":206,"column":2642}},"27":{"start":{"line":206,"column":3248},"end":{"line":206,"column":4036}},"28":{"start":{"line":206,"column":3426},"end":{"line":206,"column":3460}},"29":{"start":{"line":206,"column":3868},"end":{"line":206,"column":3905}},"30":{"start":{"line":207,"column":0},"end":{"line":207,"column":545}},"31":{"start":{"line":207,"column":64},"end":{"line":207,"column":68}},"32":{"start":{"line":207,"column":76},"end":{"line":207,"column":94}},"33":{"start":{"line":207,"column":102},"end":{"line":207,"column":118}},"34":{"start":{"line":207,"column":119},"end":{"line":207,"column":266}},"35":{"start":{"line":207,"column":296},"end":{"line":207,"column":300}},"36":{"start":{"line":207,"column":308},"end":{"line":207,"column":326}},"37":{"start":{"line":207,"column":334},"end":{"line":207,"column":350}},"38":{"start":{"line":207,"column":351},"end":{"line":207,"column":543}}},"fnMap":{"0":{"name":"(anonymous_0)","decl":{"start":{"line":1,"column":2},"end":{"line":1,"column":3}},"loc":{"start":{"line":1,"column":12},"end":{"line":204,"column":1}},"line":1},"1":{"name":"(anonymous_1)","decl":{"start":{"line":171,"column":2},"end":{"line":171,"column":3}},"loc":{"start":{"line":171,"column":9},"end":{"line":177,"column":3}},"line":171},"2":{"name":"(anonymous_2)","decl":{"start":{"line":182,"column":4},"end":{"line":182,"column":5}},"loc":{"start":{"line":182,"column":23},"end":{"line":199,"column":5}},"line":182},"3":{"name":"render","decl":{"start":{"line":206,"column":35},"end":{"line":206,"column":41}},"loc":{"start":{"line":206,"column":45},"end":{"line":206,"column":4063}},"line":206},"4":{"name":"(anonymous_4)","decl":{"start":{"line":206,"column":678},"end":{"line":206,"column":679}},"loc":{"start":{"line":206,"column":696},"end":{"line":206,"column":1525}},"line":206},"5":{"name":"(anonymous_5)","decl":{"start":{"line":206,"column":1076},"end":{"line":206,"column":1077}},"loc":{"start":{"line":206,"column":1092},"end":{"line":206,"column":1128}},"line":206},"6":{"name":"(anonymous_6)","decl":{"start":{"line":206,"column":1341},"end":{"line":206,"column":1342}},"loc":{"start":{"line":206,"column":1356},"end":{"line":206,"column":1395}},"line":206},"7":{"name":"(anonymous_7)","decl":{"start":{"line":206,"column":1956},"end":{"line":206,"column":1957}},"loc":{"start":{"line":206,"column":1974},"end":{"line":206,"column":2773}},"line":206},"8":{"name":"(anonymous_8)","decl":{"start":{"line":206,"column":2146},"end":{"line":206,"column":2147}},"loc":{"start":{"line":206,"column":2162},"end":{"line":206,"column":2198}},"line":206},"9":{"name":"(anonymous_9)","decl":{"start":{"line":206,"column":2589},"end":{"line":206,"column":2590}},"loc":{"start":{"line":206,"column":2604},"end":{"line":206,"column":2643}},"line":206},"10":{"name":"(anonymous_10)","decl":{"start":{"line":206,"column":3229},"end":{"line":206,"column":3230}},"loc":{"start":{"line":206,"column":3247},"end":{"line":206,"column":4037}},"line":206},"11":{"name":"(anonymous_11)","decl":{"start":{"line":206,"column":3409},"end":{"line":206,"column":3410}},"loc":{"start":{"line":206,"column":3425},"end":{"line":206,"column":3461}},"line":206},"12":{"name":"(anonymous_12)","decl":{"start":{"line":206,"column":3852},"end":{"line":206,"column":3853}},"loc":{"start":{"line":206,"column":3867},"end":{"line":206,"column":3906}},"line":206},"13":{"name":"render","decl":{"start":{"line":207,"column":45},"end":{"line":207,"column":51}},"loc":{"start":{"line":207,"column":55},"end":{"line":207,"column":267}},"line":207},"14":{"name":"render","decl":{"start":{"line":207,"column":277},"end":{"line":207,"column":283}},"loc":{"start":{"line":207,"column":287},"end":{"line":207,"column":544}},"line":207}},"branchMap":{"0":{"loc":{"start":{"line":205,"column":20},"end":{"line":205,"column":89}},"type":"cond-expr","locations":[{"start":{"line":205,"column":50},"end":{"line":205,"column":72}},{"start":{"line":205,"column":75},"end":{"line":205,"column":89}}],"line":205},"1":{"loc":{"start":{"line":205,"column":114},"end":{"line":205,"column":187}},"type":"cond-expr","locations":[{"start":{"line":205,"column":151},"end":{"line":205,"column":172}},{"start":{"line":205,"column":174},"end":{"line":205,"column":187}}],"line":205},"2":{"loc":{"start":{"line":206,"column":92},"end":{"line":206,"column":108}},"type":"binary-expr","locations":[{"start":{"line":206,"column":92},"end":{"line":206,"column":104}},{"start":{"line":206,"column":106},"end":{"line":206,"column":108}}],"line":206},"3":{"loc":{"start":{"line":206,"column":158},"end":{"line":206,"column":209}},"type":"cond-expr","locations":[{"start":{"line":206,"column":179},"end":{"line":206,"column":200}},{"start":{"line":206,"column":201},"end":{"line":206,"column":209}}],"line":206},"4":{"loc":{"start":{"line":206,"column":222},"end":{"line":206,"column":271}},"type":"cond-expr","locations":[{"start":{"line":206,"column":241},"end":{"line":206,"column":262}},{"start":{"line":206,"column":263},"end":{"line":206,"column":271}}],"line":206},"5":{"loc":{"start":{"line":206,"column":329},"end":{"line":206,"column":1546}},"type":"cond-expr","locations":[{"start":{"line":206,"column":358},"end":{"line":206,"column":1537}},{"start":{"line":206,"column":1538},"end":{"line":206,"column":1546}}],"line":206},"6":{"loc":{"start":{"line":206,"column":1609},"end":{"line":206,"column":2794}},"type":"cond-expr","locations":[{"start":{"line":206,"column":1641},"end":{"line":206,"column":2785}},{"start":{"line":206,"column":2786},"end":{"line":206,"column":2794}}],"line":206},"7":{"loc":{"start":{"line":206,"column":2857},"end":{"line":206,"column":4058}},"type":"cond-expr","locations":[{"start":{"line":206,"column":2897},"end":{"line":206,"column":4049}},{"start":{"line":206,"column":4050},"end":{"line":206,"column":4058}}],"line":206},"8":{"loc":{"start":{"line":207,"column":102},"end":{"line":207,"column":118}},"type":"binary-expr","locations":[{"start":{"line":207,"column":102},"end":{"line":207,"column":114}},{"start":{"line":207,"column":116},"end":{"line":207,"column":118}}],"line":207},"9":{"loc":{"start":{"line":207,"column":334},"end":{"line":207,"column":350}},"type":"binary-expr","locations":[{"start":{"line":207,"column":334},"end":{"line":207,"column":346}},{"start":{"line":207,"column":348},"end":{"line":207,"column":350}}],"line":207}},"s":{"0":1,"1":1,"2":1,"3":1,"4":1,"5":3,"6":1,"7":1,"8":1,"9":1,"10":1,"11":1,"12":0,"13":1,"14":1,"15":1,"16":1,"17":4,"18":4,"19":4,"20":4,"21":4,"22":1,"23":0,"24":0,"25":0,"26":0,"27":0,"28":0,"29":0,"30":1,"31":1,"32":1,"33":1,"34":1,"35":1,"36":1,"37":1,"38":1},"f":{"0":1,"1":3,"2":1,"3":4,"4":4,"5":1,"6":0,"7":0,"8":0,"9":0,"10":0,"11":0,"12":0,"13":1,"14":1},"b":{"0":[1,0],"1":[0,1],"2":[4,0],"3":[1,3],"4":[1,3],"5":[4,0],"6":[0,4],"7":[0,4],"8":[1,0],"9":[1,0]},"_coverageSchema":"43e27e138ebf9cfc5966b082cf9a028302ed4184","hash":"9797bb54582ff4bf49067b133a1cec396a938d7a"}
}
