TN:
SF:C:\Capgemini\Projects\Client-Assessment\tv-show-application\src\App.vue
FNF:0
FNH:0
DA:12,1
DA:13,1
LF:2
LH:2
BRF:0
BRH:0
end_of_record
TN:
SF:C:\Capgemini\Projects\Client-Assessment\tv-show-application\src\components\allShows.component.vue
FN:136,(anonymous_1)
FN:147,(anonymous_2)
FNF:2
FNH:1
FNDA:3,(anonymous_1)
FNDA:0,(anonymous_2)
DA:132,5
DA:137,3
DA:148,0
LF:3
LH:2
BRF:0
BRH:0
end_of_record
TN:
SF:C:\Capgemini\Projects\Client-Assessment\tv-show-application\src\components\header.component.vue
FN:50,(anonymous_1)
FN:58,(anonymous_2)
FN:62,(anonymous_3)
FNF:3
FNH:3
FNDA:3,(anonymous_1)
FNDA:3,(anonymous_2)
FNDA:3,(anonymous_3)
DA:47,2
DA:51,3
DA:59,3
DA:63,3
DA:64,3
DA:66,3
LF:6
LH:6
BRDA:63,0,0,3
BRDA:63,0,1,0
BRF:2
BRH:1
end_of_record
TN:
SF:C:\Capgemini\Projects\Client-Assessment\tv-show-application\src\router\index.js
FNF:0
FNH:0
DA:7,3
DA:9,3
DA:31,3
LF:3
LH:3
BRF:0
BRH:0
end_of_record
TN:
SF:C:\Capgemini\Projects\Client-Assessment\tv-show-application\src\service\axiosonfig.js
FNF:0
FNH:0
DA:4,1
DA:6,1
LF:2
LH:2
BRF:0
BRH:0
end_of_record
TN:
SF:C:\Capgemini\Projects\Client-Assessment\tv-show-application\src\service\service.js
FN:4,getAllShowsService
FN:9,getSearchedShowService
FN:14,getShowDetailsbyIdService
FN:19,getShowCastDetailsService
FNF:4
FNH:3
FNDA:1,getAllShowsService
FNDA:1,getSearchedShowService
FNDA:1,getShowDetailsbyIdService
FNDA:0,getShowCastDetailsService
DA:5,1
DA:10,1
DA:15,1
DA:20,0
LF:4
LH:3
BRF:0
BRH:0
end_of_record
TN:
SF:C:\Capgemini\Projects\Client-Assessment\tv-show-application\src\store\actions.js
FN:10,(anonymous_0)
FN:19,(anonymous_1)
FN:28,(anonymous_2)
FN:38,(anonymous_3)
FNF:4
FNH:3
FNDA:1,(anonymous_0)
FNDA:1,(anonymous_1)
FNDA:1,(anonymous_2)
FNDA:0,(anonymous_3)
DA:11,1
DA:12,1
DA:13,1
DA:15,0
DA:20,1
DA:21,1
DA:22,1
DA:24,0
DA:29,1
DA:30,1
DA:31,1
DA:33,0
DA:39,0
DA:40,0
DA:41,0
DA:43,0
LF:16
LH:9
BRF:0
BRH:0
end_of_record
TN:
SF:C:\Capgemini\Projects\Client-Assessment\tv-show-application\src\store\getters.js
FN:3,(anonymous_0)
FN:5,(anonymous_1)
FN:9,(anonymous_2)
FN:12,(anonymous_3)
FN:17,(anonymous_4)
FN:20,(anonymous_5)
FN:25,(anonymous_6)
FNF:7
FNH:7
FNDA:1,(anonymous_0)
FNDA:6,(anonymous_1)
FNDA:1,(anonymous_2)
FNDA:4,(anonymous_3)
FNDA:1,(anonymous_4)
FNDA:4,(anonymous_5)
FNDA:1,(anonymous_6)
DA:4,1
DA:5,6
DA:11,1
DA:12,4
DA:14,1
DA:19,1
DA:20,4
DA:22,1
DA:26,1
LF:9
LH:9
BRF:0
BRH:0
end_of_record
TN:
SF:C:\Capgemini\Projects\Client-Assessment\tv-show-application\src\views\dashboard.vue
FN:18,(anonymous_1)
FN:22,(anonymous_2)
FNF:2
FNH:2
FNDA:3,(anonymous_1)
FNDA:3,(anonymous_2)
DA:8,4
DA:9,4
DA:19,3
DA:23,3
DA:24,3
DA:26,0
LF:6
LH:5
BRF:0
BRH:0
end_of_record
TN:
SF:C:\Capgemini\Projects\Client-Assessment\tv-show-application\src\views\searchedShow.vue
FN:73,(anonymous_1)
FN:84,(anonymous_2)
FN:85,(anonymous_3)
FN:95,(anonymous_5)
FN:98,(anonymous_6)
FNF:5
FNH:4
FNDA:4,(anonymous_1)
FNDA:4,(anonymous_2)
FNDA:4,(anonymous_3)
FNDA:0,(anonymous_5)
FNDA:4,(anonymous_6)
DA:70,3
DA:74,4
DA:85,4
DA:88,0
DA:92,4
DA:96,0
DA:99,4
DA:100,4
DA:101,4
DA:102,4
DA:103,4
DA:104,4
DA:105,0
DA:108,4
DA:109,4
DA:111,0
DA:112,0
LF:17
LH:12
BRDA:104,0,0,0
BRDA:104,0,1,0
BRF:2
BRH:0
end_of_record
TN:
SF:C:\Capgemini\Projects\Client-Assessment\tv-show-application\src\views\showsDetails.vue
FN:89,(anonymous_1)
FN:100,(anonymous_2)
FN:107,(anonymous_3)
FN:119,(anonymous_4)
FNF:4
FNH:4
FNDA:4,(anonymous_1)
FNDA:4,(anonymous_2)
FNDA:4,(anonymous_3)
FNDA:4,(anonymous_4)
DA:85,4
DA:90,4
DA:101,4
DA:102,4
DA:103,4
DA:108,4
DA:109,4
DA:110,4
DA:111,4
DA:113,0
DA:114,0
DA:115,0
DA:117,4
DA:120,4
DA:121,4
DA:122,4
DA:123,4
DA:125,0
DA:126,0
DA:127,0
DA:129,4
LF:21
LH:15
BRDA:101,0,0,4
BRDA:101,0,1,0
BRF:2
BRH:1
end_of_record
TN:
SF:C:\Capgemini\Projects\Client-Assessment\tv-show-application\tests\unit\testdata\showData.js
FNF:0
FNH:0
LF:0
LH:0
BRF:0
BRH:0
end_of_record
